<?xml version="1.0" encoding="UTF-8"?>
<!-- Generated by org.testng.reporters.JUnitReportReporter -->
<testsuite hostname="kamalesh" failures="0" tests="2" name="Orangehrm.testcases.LoginPageTestCases" time="31.358" errors="0" timestamp="2024-02-13T22:11:22 IST" skipped="0">
  <testcase classname="Orangehrm.testcases.LoginPageTestCases" name="loginTestCaseInavalid" time="26.011"/>
  <system-out/>
  <testcase classname="Orangehrm.testcases.LoginPageTestCases" name="loginTestCase" time="5.347"/>
  <system-out/>
</testsuite> <!-- Orangehrm.testcases.LoginPageTestCases -->
