<?xml version="1.0" encoding="UTF-8"?>
<!-- Generated by org.testng.reporters.JUnitReportReporter -->
<testsuite hostname="kamalesh" failures="0" tests="5" name="Orangehrm.testcases.LoginPageTestCases" time="40.864" errors="0" timestamp="2024-02-19T11:53:11 IST" skipped="0">
  <testcase classname="Orangehrm.testcases.LoginPageTestCases" name="loginWithEmptyUsername" time="8.694"/>
  <system-out/>
  <testcase classname="Orangehrm.testcases.LoginPageTestCases" name="loginTestCaseInavalid" time="8.861"/>
  <system-out/>
  <testcase classname="Orangehrm.testcases.LoginPageTestCases" name="forgotPassword" time="7.288"/>
  <system-out/>
  <testcase classname="Orangehrm.testcases.LoginPageTestCases" name="loginTestCase" time="8.161"/>
  <system-out/>
  <testcase classname="Orangehrm.testcases.LoginPageTestCases" name="loginWithEmptypassword" time="7.860"/>
  <system-out/>
</testsuite> <!-- Orangehrm.testcases.LoginPageTestCases -->
