<?xml version="1.0" encoding="UTF-8"?>
<!-- Generated by org.testng.reporters.JUnitReportReporter -->
<testsuite hostname="kamalesh" failures="0" tests="4" name="Orangehrm.testcases.LoginPageTestCases" time="20.598" errors="0" timestamp="2024-02-16T16:55:44 IST" skipped="0">
  <testcase classname="Orangehrm.testcases.LoginPageTestCases" name="loginWithEmptyUsername" time="3.771"/>
  <system-out/>
  <testcase classname="Orangehrm.testcases.LoginPageTestCases" name="loginWithEmptypassword" time="4.559"/>
  <system-out/>
  <testcase classname="Orangehrm.testcases.LoginPageTestCases" name="loginTestCaseInavalid" time="4.358"/>
  <system-out/>
  <testcase classname="Orangehrm.testcases.LoginPageTestCases" name="loginTestCase" time="7.910"/>
  <system-out/>
</testsuite> <!-- Orangehrm.testcases.LoginPageTestCases -->
